<?xml version="1.0" encoding="UTF-8"?>
<!-- Generated by org.testng.reporters.JUnitReportReporter -->
<testsuite skipped="0" hostname="LAPTOP-BAL6UUBN" name="com.DemoWebSop.testCases.ValidateUserAccountID" tests="1" failures="0" timestamp="9 Feb 2022 16:25:21 GMT" time="12.489" errors="0">
  <testcase name="validateUserAccountID" time="12.489" classname="com.DemoWebSop.testCases.ValidateUserAccountID"/>
</testsuite> <!-- com.DemoWebSop.testCases.ValidateUserAccountID -->
