<?xml version="1.0" encoding="UTF-8"?>
<!-- Generated by org.testng.reporters.JUnitReportReporter -->
<testsuite skipped="0" hostname="LAPTOP-BAL6UUBN" name="com.DemoWebSop.testCases.ValidateSignIn" tests="1" failures="0" timestamp="9 Feb 2022 15:39:27 GMT" time="8.618" errors="0">
  <testcase name="verifySignIn" time="8.618" classname="com.DemoWebSop.testCases.ValidateSignIn"/>
</testsuite> <!-- com.DemoWebSop.testCases.ValidateSignIn -->
